Analysis & Synthesis report for Bubble_Sort_Alternative
Sun Apr 28 01:00:45 2019
Quartus II 64-Bit Version 11.0 Build 208 07/03/2011 Service Pack 1 SJ Full Version


---------------------
; Table of Contents ;
---------------------
  1. Legal Notice
  2. Analysis & Synthesis Summary
  3. Analysis & Synthesis Settings
  4. Parallel Compilation
  5. Analysis & Synthesis Source Files Read
  6. Analysis & Synthesis Resource Usage Summary
  7. Analysis & Synthesis Resource Utilization by Entity
  8. State Machine - |Bubble_Sort_Alternative|Control:Control_inst|state
  9. Registers Removed During Synthesis
 10. General Register Statistics
 11. Multiplexer Restructuring Statistics (Restructuring Performed)
 12. Parameter Settings for User Entity Instance: Top-level Entity: |Bubble_Sort_Alternative
 13. Parameter Settings for User Entity Instance: Control:Control_inst
 14. Parameter Settings for User Entity Instance: Datapath:Datapath_inst
 15. Elapsed Time Per Partition
 16. Analysis & Synthesis Messages



----------------
; Legal Notice ;
----------------
Copyright (C) 1991-2011 Altera Corporation
Your use of Altera Corporation's design tools, logic functions 
and other software and tools, and its AMPP partner logic 
functions, and any output files from any of the foregoing 
(including device programming or simulation files), and any 
associated documentation or information are expressly subject 
to the terms and conditions of the Altera Program License 
Subscription Agreement, Altera MegaCore Function License 
Agreement, or other applicable license agreement, including, 
without limitation, that your use is for the sole purpose of 
programming logic devices manufactured by Altera and sold by 
Altera or its authorized distributors.  Please refer to the 
applicable agreement for further details.



+-------------------------------------------------------------------------------------+
; Analysis & Synthesis Summary                                                        ;
+------------------------------------+------------------------------------------------+
; Analysis & Synthesis Status        ; Successful - Sun Apr 28 01:00:45 2019          ;
; Quartus II 64-Bit Version          ; 11.0 Build 208 07/03/2011 SP 1 SJ Full Version ;
; Revision Name                      ; Bubble_Sort_Alternative                        ;
; Top-level Entity Name              ; Bubble_Sort_Alternative                        ;
; Family                             ; Cyclone IV E                                   ;
; Total logic elements               ; 178                                            ;
;     Total combinational functions  ; 178                                            ;
;     Dedicated logic registers      ; 52                                             ;
; Total registers                    ; 52                                             ;
; Total pins                         ; 16                                             ;
; Total virtual pins                 ; 0                                              ;
; Total memory bits                  ; 0                                              ;
; Embedded Multiplier 9-bit elements ; 0                                              ;
; Total PLLs                         ; 0                                              ;
+------------------------------------+------------------------------------------------+


+--------------------------------------------------------------------------------------------------------------------------------+
; Analysis & Synthesis Settings                                                                                                  ;
+----------------------------------------------------------------------------+-------------------------+-------------------------+
; Option                                                                     ; Setting                 ; Default Value           ;
+----------------------------------------------------------------------------+-------------------------+-------------------------+
; Device                                                                     ; EP4CE6F17C8             ;                         ;
; Top-level entity name                                                      ; Bubble_Sort_Alternative ; Bubble_Sort_Alternative ;
; Family name                                                                ; Cyclone IV E            ; Cyclone IV GX           ;
; Use smart compilation                                                      ; Off                     ; Off                     ;
; Enable parallel Assembler and TimeQuest Timing Analyzer during compilation ; On                      ; On                      ;
; Enable compact report table                                                ; Off                     ; Off                     ;
; Restructure Multiplexers                                                   ; Auto                    ; Auto                    ;
; Create Debugging Nodes for IP Cores                                        ; Off                     ; Off                     ;
; Preserve fewer node names                                                  ; On                      ; On                      ;
; Disable OpenCore Plus hardware evaluation                                  ; Off                     ; Off                     ;
; Verilog Version                                                            ; Verilog_2001            ; Verilog_2001            ;
; VHDL Version                                                               ; VHDL_1993               ; VHDL_1993               ;
; State Machine Processing                                                   ; Auto                    ; Auto                    ;
; Safe State Machine                                                         ; Off                     ; Off                     ;
; Extract Verilog State Machines                                             ; On                      ; On                      ;
; Extract VHDL State Machines                                                ; On                      ; On                      ;
; Ignore Verilog initial constructs                                          ; Off                     ; Off                     ;
; Iteration limit for constant Verilog loops                                 ; 5000                    ; 5000                    ;
; Iteration limit for non-constant Verilog loops                             ; 250                     ; 250                     ;
; Add Pass-Through Logic to Inferred RAMs                                    ; On                      ; On                      ;
; Parallel Synthesis                                                         ; On                      ; On                      ;
; DSP Block Balancing                                                        ; Auto                    ; Auto                    ;
; NOT Gate Push-Back                                                         ; On                      ; On                      ;
; Power-Up Don't Care                                                        ; On                      ; On                      ;
; Remove Redundant Logic Cells                                               ; Off                     ; Off                     ;
; Remove Duplicate Registers                                                 ; On                      ; On                      ;
; Ignore CARRY Buffers                                                       ; Off                     ; Off                     ;
; Ignore CASCADE Buffers                                                     ; Off                     ; Off                     ;
; Ignore GLOBAL Buffers                                                      ; Off                     ; Off                     ;
; Ignore ROW GLOBAL Buffers                                                  ; Off                     ; Off                     ;
; Ignore LCELL Buffers                                                       ; Off                     ; Off                     ;
; Ignore SOFT Buffers                                                        ; On                      ; On                      ;
; Limit AHDL Integers to 32 Bits                                             ; Off                     ; Off                     ;
; Optimization Technique                                                     ; Balanced                ; Balanced                ;
; Carry Chain Length                                                         ; 70                      ; 70                      ;
; Auto Carry Chains                                                          ; On                      ; On                      ;
; Auto Open-Drain Pins                                                       ; On                      ; On                      ;
; Perform WYSIWYG Primitive Resynthesis                                      ; Off                     ; Off                     ;
; Auto ROM Replacement                                                       ; On                      ; On                      ;
; Auto RAM Replacement                                                       ; On                      ; On                      ;
; Auto DSP Block Replacement                                                 ; On                      ; On                      ;
; Auto Shift Register Replacement                                            ; Auto                    ; Auto                    ;
; Allow Shift Register Merging across Hierarchies                            ; Auto                    ; Auto                    ;
; Auto Clock Enable Replacement                                              ; On                      ; On                      ;
; Strict RAM Replacement                                                     ; Off                     ; Off                     ;
; Allow Synchronous Control Signals                                          ; On                      ; On                      ;
; Force Use of Synchronous Clear Signals                                     ; Off                     ; Off                     ;
; Auto RAM Block Balancing                                                   ; On                      ; On                      ;
; Auto RAM to Logic Cell Conversion                                          ; Off                     ; Off                     ;
; Auto Resource Sharing                                                      ; Off                     ; Off                     ;
; Allow Any RAM Size For Recognition                                         ; Off                     ; Off                     ;
; Allow Any ROM Size For Recognition                                         ; Off                     ; Off                     ;
; Allow Any Shift Register Size For Recognition                              ; Off                     ; Off                     ;
; Use LogicLock Constraints during Resource Balancing                        ; On                      ; On                      ;
; Ignore translate_off and synthesis_off directives                          ; Off                     ; Off                     ;
; Timing-Driven Synthesis                                                    ; On                      ; On                      ;
; Report Parameter Settings                                                  ; On                      ; On                      ;
; Report Source Assignments                                                  ; On                      ; On                      ;
; Report Connectivity Checks                                                 ; On                      ; On                      ;
; Ignore Maximum Fan-Out Assignments                                         ; Off                     ; Off                     ;
; Synchronization Register Chain Length                                      ; 2                       ; 2                       ;
; PowerPlay Power Optimization                                               ; Normal compilation      ; Normal compilation      ;
; HDL message level                                                          ; Level2                  ; Level2                  ;
; Suppress Register Optimization Related Messages                            ; Off                     ; Off                     ;
; Number of Removed Registers Reported in Synthesis Report                   ; 5000                    ; 5000                    ;
; Number of Inverted Registers Reported in Synthesis Report                  ; 100                     ; 100                     ;
; Clock MUX Protection                                                       ; On                      ; On                      ;
; Auto Gated Clock Conversion                                                ; Off                     ; Off                     ;
; Block Design Naming                                                        ; Auto                    ; Auto                    ;
; SDC constraint protection                                                  ; Off                     ; Off                     ;
; Synthesis Effort                                                           ; Auto                    ; Auto                    ;
; Shift Register Replacement - Allow Asynchronous Clear Signal               ; On                      ; On                      ;
; Analysis & Synthesis Message Level                                         ; Medium                  ; Medium                  ;
; Disable Register Merging Across Hierarchies                                ; Auto                    ; Auto                    ;
; Resource Aware Inference For Block RAM                                     ; On                      ; On                      ;
; Synthesis Seed                                                             ; 1                       ; 1                       ;
+----------------------------------------------------------------------------+-------------------------+-------------------------+


+------------------------------------------+
; Parallel Compilation                     ;
+----------------------------+-------------+
; Processors                 ; Number      ;
+----------------------------+-------------+
; Number detected on machine ; 2           ;
; Maximum allowed            ; 2           ;
;                            ;             ;
; Average used               ; 1.00        ;
; Maximum used               ; 1           ;
;                            ;             ;
; Usage by Processor         ; % Time Used ;
;     1 processor            ; 100.0%      ;
;     2 processors           ;   0.0%      ;
+----------------------------+-------------+


+-----------------------------------------------------------------------------------------------------------------------------------------+
; Analysis & Synthesis Source Files Read                                                                                                  ;
+----------------------------------+-----------------+------------------------------+-----------------------------------------------------+
; File Name with User-Entered Path ; Used in Netlist ; File Type                    ; File Name with Absolute Path                        ;
+----------------------------------+-----------------+------------------------------+-----------------------------------------------------+
; bubble_sort_alternative.v        ; yes             ; Auto-Found Verilog HDL File  ; C:/Users/LCG/Desktop/FPGA/bubble_sort_alternative.v ;
; control.v                        ; yes             ; Auto-Found Verilog HDL File  ; C:/Users/LCG/Desktop/FPGA/control.v                 ;
; datapath.v                       ; yes             ; Auto-Found Verilog HDL File  ; C:/Users/LCG/Desktop/FPGA/datapath.v                ;
+----------------------------------+-----------------+------------------------------+-----------------------------------------------------+


+---------------------------------------------------------+
; Analysis & Synthesis Resource Usage Summary             ;
+---------------------------------------------+-----------+
; Resource                                    ; Usage     ;
+---------------------------------------------+-----------+
; Estimated Total logic elements              ; 178       ;
;                                             ;           ;
; Total combinational functions               ; 178       ;
; Logic element usage by number of LUT inputs ;           ;
;     -- 4 input functions                    ; 96        ;
;     -- 3 input functions                    ; 75        ;
;     -- <=2 input functions                  ; 7         ;
;                                             ;           ;
; Logic elements by mode                      ;           ;
;     -- normal mode                          ; 178       ;
;     -- arithmetic mode                      ; 0         ;
;                                             ;           ;
; Total registers                             ; 52        ;
;     -- Dedicated logic registers            ; 52        ;
;     -- I/O registers                        ; 0         ;
;                                             ;           ;
; I/O pins                                    ; 16        ;
; Maximum fan-out node                        ; clk~input ;
; Maximum fan-out                             ; 52        ;
; Total fan-out                               ; 838       ;
; Average fan-out                             ; 3.20      ;
+---------------------------------------------+-----------+


+----------------------------------------------------------------------------------------------------------------------------------------------------------------------------------------------------------+
; Analysis & Synthesis Resource Utilization by Entity                                                                                                                                                      ;
+-----------------------------+-------------------+--------------+-------------+--------------+---------+-----------+------+--------------+-------------------------------------------------+--------------+
; Compilation Hierarchy Node  ; LC Combinationals ; LC Registers ; Memory Bits ; DSP Elements ; DSP 9x9 ; DSP 18x18 ; Pins ; Virtual Pins ; Full Hierarchy Name                             ; Library Name ;
+-----------------------------+-------------------+--------------+-------------+--------------+---------+-----------+------+--------------+-------------------------------------------------+--------------+
; |Bubble_Sort_Alternative    ; 178 (0)           ; 52 (0)       ; 0           ; 0            ; 0       ; 0         ; 16   ; 0            ; |Bubble_Sort_Alternative                        ;              ;
;    |Control:Control_inst|   ; 13 (13)           ; 8 (8)        ; 0           ; 0            ; 0       ; 0         ; 0    ; 0            ; |Bubble_Sort_Alternative|Control:Control_inst   ;              ;
;    |Datapath:Datapath_inst| ; 165 (165)         ; 44 (44)      ; 0           ; 0            ; 0       ; 0         ; 0    ; 0            ; |Bubble_Sort_Alternative|Datapath:Datapath_inst ;              ;
+-----------------------------+-------------------+--------------+-------------+--------------+---------+-----------+------+--------------+-------------------------------------------------+--------------+
Note: For table entries with two numbers listed, the numbers in parentheses indicate the number of resources of the given type used by the specific entity alone. The numbers listed outside of parentheses indicate the total resources of the given type used by the specific entity and all of its sub-entities in the hierarchy.


Encoding Type:  One-Hot
+-------------------------------------------------------------------------------------------------------------------------------------+
; State Machine - |Bubble_Sort_Alternative|Control:Control_inst|state                                                                 ;
+--------------+--------------+--------------+--------------+--------------+--------------+--------------+--------------+-------------+
; Name         ; state.S_send ; state.S_wait ; state.S_sort ; state.S_prep ; state.S_load ; state.S_idle ; state.S_init ; state.S_rst ;
+--------------+--------------+--------------+--------------+--------------+--------------+--------------+--------------+-------------+
; state.S_rst  ; 0            ; 0            ; 0            ; 0            ; 0            ; 0            ; 0            ; 0           ;
; state.S_init ; 0            ; 0            ; 0            ; 0            ; 0            ; 0            ; 1            ; 1           ;
; state.S_idle ; 0            ; 0            ; 0            ; 0            ; 0            ; 1            ; 0            ; 1           ;
; state.S_load ; 0            ; 0            ; 0            ; 0            ; 1            ; 0            ; 0            ; 1           ;
; state.S_prep ; 0            ; 0            ; 0            ; 1            ; 0            ; 0            ; 0            ; 1           ;
; state.S_sort ; 0            ; 0            ; 1            ; 0            ; 0            ; 0            ; 0            ; 1           ;
; state.S_wait ; 0            ; 1            ; 0            ; 0            ; 0            ; 0            ; 0            ; 1           ;
; state.S_send ; 1            ; 0            ; 0            ; 0            ; 0            ; 0            ; 0            ; 1           ;
+--------------+--------------+--------------+--------------+--------------+--------------+--------------+--------------+-------------+


+------------------------------------------------------------+
; Registers Removed During Synthesis                         ;
+---------------------------------------+--------------------+
; Register name                         ; Reason for Removal ;
+---------------------------------------+--------------------+
; Control:Control_inst|state~2          ; Lost fanout        ;
; Control:Control_inst|state~3          ; Lost fanout        ;
; Control:Control_inst|state~4          ; Lost fanout        ;
; Total Number of Removed Registers = 3 ;                    ;
+---------------------------------------+--------------------+


+------------------------------------------------------+
; General Register Statistics                          ;
+----------------------------------------------+-------+
; Statistic                                    ; Value ;
+----------------------------------------------+-------+
; Total registers                              ; 52    ;
; Number of registers using Synchronous Clear  ; 42    ;
; Number of registers using Synchronous Load   ; 4     ;
; Number of registers using Asynchronous Clear ; 0     ;
; Number of registers using Asynchronous Load  ; 0     ;
; Number of registers using Clock Enable       ; 39    ;
; Number of registers using Preset             ; 0     ;
+----------------------------------------------+-------+


+----------------------------------------------------------------------------------------------------------------------------------------------------------------------------------------+
; Multiplexer Restructuring Statistics (Restructuring Performed)                                                                                                                         ;
+--------------------+-----------+---------------+----------------------+------------------------+----------------------------------------------------------+----------------------------+
; Multiplexer Inputs ; Bus Width ; Baseline Area ; Area if Restructured ; Saving if Restructured ; Registered                                               ; Example Multiplexer Output ;
+--------------------+-----------+---------------+----------------------+------------------------+----------------------------------------------------------+----------------------------+
; 4:1                ; 4 bits    ; 8 LEs         ; 8 LEs                ; 0 LEs                  ; |Bubble_Sort_Alternative|Datapath:Datapath_inst|i[0]     ;                            ;
; 4:1                ; 4 bits    ; 8 LEs         ; 4 LEs                ; 4 LEs                  ; |Bubble_Sort_Alternative|Datapath:Datapath_inst|k[2]     ;                            ;
; 4:1                ; 4 bits    ; 8 LEs         ; 8 LEs                ; 0 LEs                  ; |Bubble_Sort_Alternative|Datapath:Datapath_inst|j[3]     ;                            ;
; 6:1                ; 4 bits    ; 16 LEs        ; 8 LEs                ; 8 LEs                  ; |Bubble_Sort_Alternative|Datapath:Datapath_inst|A[8][0]  ;                            ;
; 6:1                ; 4 bits    ; 16 LEs        ; 8 LEs                ; 8 LEs                  ; |Bubble_Sort_Alternative|Datapath:Datapath_inst|A[7][0]  ;                            ;
; 6:1                ; 4 bits    ; 16 LEs        ; 8 LEs                ; 8 LEs                  ; |Bubble_Sort_Alternative|Datapath:Datapath_inst|A[6][1]  ;                            ;
; 6:1                ; 4 bits    ; 16 LEs        ; 8 LEs                ; 8 LEs                  ; |Bubble_Sort_Alternative|Datapath:Datapath_inst|A[5][0]  ;                            ;
; 6:1                ; 4 bits    ; 16 LEs        ; 8 LEs                ; 8 LEs                  ; |Bubble_Sort_Alternative|Datapath:Datapath_inst|A[4][0]  ;                            ;
; 6:1                ; 4 bits    ; 16 LEs        ; 8 LEs                ; 8 LEs                  ; |Bubble_Sort_Alternative|Datapath:Datapath_inst|A[3][2]  ;                            ;
; 6:1                ; 4 bits    ; 16 LEs        ; 8 LEs                ; 8 LEs                  ; |Bubble_Sort_Alternative|Datapath:Datapath_inst|A[2][2]  ;                            ;
; 6:1                ; 4 bits    ; 16 LEs        ; 8 LEs                ; 8 LEs                  ; |Bubble_Sort_Alternative|Datapath:Datapath_inst|A[1][2]  ;                            ;
; 3:1                ; 2 bits    ; 4 LEs         ; 2 LEs                ; 2 LEs                  ; |Bubble_Sort_Alternative|Control:Control_inst|next_state ;                            ;
; 8:1                ; 4 bits    ; 20 LEs        ; 20 LEs               ; 0 LEs                  ; |Bubble_Sort_Alternative|Datapath:Datapath_inst|Mux7     ;                            ;
; 8:1                ; 4 bits    ; 20 LEs        ; 20 LEs               ; 0 LEs                  ; |Bubble_Sort_Alternative|Datapath:Datapath_inst|Mux3     ;                            ;
+--------------------+-----------+---------------+----------------------+------------------------+----------------------------------------------------------+----------------------------+


+-----------------------------------------------------------------------------------------+
; Parameter Settings for User Entity Instance: Top-level Entity: |Bubble_Sort_Alternative ;
+----------------+-------+----------------------------------------------------------------+
; Parameter Name ; Value ; Type                                                           ;
+----------------+-------+----------------------------------------------------------------+
; word_size      ; 4     ; Signed Integer                                                 ;
+----------------+-------+----------------------------------------------------------------+
Note: In order to hide this table in the UI and the text report file, please set the "Show Parameter Settings in Synthesis Report" option in "Analysis and Synthesis Settings -> More Settings" to "Off".


+-------------------------------------------------------------------+
; Parameter Settings for User Entity Instance: Control:Control_inst ;
+----------------+-------+------------------------------------------+
; Parameter Name ; Value ; Type                                     ;
+----------------+-------+------------------------------------------+
; state_N        ; 3     ; Signed Integer                           ;
; S_rst          ; 0     ; Signed Integer                           ;
; S_init         ; 1     ; Signed Integer                           ;
; S_idle         ; 2     ; Signed Integer                           ;
; S_load         ; 3     ; Signed Integer                           ;
; S_prep         ; 4     ; Signed Integer                           ;
; S_sort         ; 5     ; Signed Integer                           ;
; S_wait         ; 6     ; Signed Integer                           ;
; S_send         ; 7     ; Signed Integer                           ;
+----------------+-------+------------------------------------------+
Note: In order to hide this table in the UI and the text report file, please set the "Show Parameter Settings in Synthesis Report" option in "Analysis and Synthesis Settings -> More Settings" to "Off".


+---------------------------------------------------------------------+
; Parameter Settings for User Entity Instance: Datapath:Datapath_inst ;
+----------------+-------+--------------------------------------------+
; Parameter Name ; Value ; Type                                       ;
+----------------+-------+--------------------------------------------+
; word_size      ; 4     ; Signed Integer                             ;
; N              ; 8     ; Signed Integer                             ;
+----------------+-------+--------------------------------------------+
Note: In order to hide this table in the UI and the text report file, please set the "Show Parameter Settings in Synthesis Report" option in "Analysis and Synthesis Settings -> More Settings" to "Off".


+-------------------------------+
; Elapsed Time Per Partition    ;
+----------------+--------------+
; Partition Name ; Elapsed Time ;
+----------------+--------------+
; Top            ; 00:00:02     ;
+----------------+--------------+


+-------------------------------+
; Analysis & Synthesis Messages ;
+-------------------------------+
Info: *******************************************************************
Info: Running Quartus II 64-Bit Analysis & Synthesis
    Info: Version 11.0 Build 208 07/03/2011 Service Pack 1 SJ Full Version
    Info: Processing started: Sun Apr 28 01:00:37 2019
Info: Command: quartus_map --read_settings_files=on --write_settings_files=off Bubble_Sort_Alternative -c Bubble_Sort_Alternative
Info: Parallel compilation is enabled and will use 2 of the 2 processors detected
Warning: Using design file bubble_sort_alternative.v, which is not specified as a design file for the current project, but contains definitions for 1 design units and 1 entities in project
    Info: Found entity 1: Bubble_Sort_Alternative
Warning (10236): Verilog HDL Implicit Net warning at bubble_sort_alternative.v(11): created implicit net for "gt"
Warning (10236): Verilog HDL Implicit Net warning at bubble_sort_alternative.v(11): created implicit net for "i_lte_N"
Warning (10236): Verilog HDL Implicit Net warning at bubble_sort_alternative.v(11): created implicit net for "j_gte_i"
Warning (10236): Verilog HDL Implicit Net warning at bubble_sort_alternative.v(11): created implicit net for "done"
Warning (10236): Verilog HDL Implicit Net warning at bubble_sort_alternative.v(12): created implicit net for "ld"
Warning (10236): Verilog HDL Implicit Net warning at bubble_sort_alternative.v(12): created implicit net for "snd"
Warning (10236): Verilog HDL Implicit Net warning at bubble_sort_alternative.v(13): created implicit net for "set_i"
Warning (10236): Verilog HDL Implicit Net warning at bubble_sort_alternative.v(13): created implicit net for "incr_i"
Warning (10236): Verilog HDL Implicit Net warning at bubble_sort_alternative.v(13): created implicit net for "set_j"
Warning (10236): Verilog HDL Implicit Net warning at bubble_sort_alternative.v(13): created implicit net for "decr_j"
Warning (10236): Verilog HDL Implicit Net warning at bubble_sort_alternative.v(13): created implicit net for "clr_k"
Warning (10236): Verilog HDL Implicit Net warning at bubble_sort_alternative.v(13): created implicit net for "incr_k"
Warning (10236): Verilog HDL Implicit Net warning at bubble_sort_alternative.v(14): created implicit net for "swap"
Info: Elaborating entity "Bubble_Sort_Alternative" for the top level hierarchy
Warning: Using design file control.v, which is not specified as a design file for the current project, but contains definitions for 1 design units and 1 entities in project
    Info: Found entity 1: Control
Info: Elaborating entity "Control" for hierarchy "Control:Control_inst"
Warning (10235): Verilog HDL Always Construct warning at control.v(31): variable "rst" is read inside the Always Construct but isn't in the Always Construct's Event Control
Warning: Using design file datapath.v, which is not specified as a design file for the current project, but contains definitions for 1 design units and 1 entities in project
    Info: Found entity 1: Datapath
Info: Elaborating entity "Datapath" for hierarchy "Datapath:Datapath_inst"
Warning (10230): Verilog HDL assignment warning at datapath.v(23): truncated value with size 32 to match size of target (4)
Warning (10230): Verilog HDL assignment warning at datapath.v(26): truncated value with size 32 to match size of target (4)
Info: Timing-Driven Synthesis is running
Info: 3 registers lost all their fanouts during netlist optimizations. The first 3 are displayed below.
    Info: Register "Control:Control_inst|state~2" lost all its fanouts during netlist optimizations.
    Info: Register "Control:Control_inst|state~3" lost all its fanouts during netlist optimizations.
    Info: Register "Control:Control_inst|state~4" lost all its fanouts during netlist optimizations.
Info: Generating hard_block partition "hard_block:auto_generated_inst"
Info: Implemented 194 device resources after synthesis - the final resource count might be different
    Info: Implemented 9 input pins
    Info: Implemented 7 output pins
    Info: Implemented 178 logic cells
Info: Quartus II 64-Bit Analysis & Synthesis was successful. 0 errors, 19 warnings
    Info: Peak virtual memory: 408 megabytes
    Info: Processing ended: Sun Apr 28 01:00:45 2019
    Info: Elapsed time: 00:00:08
    Info: Total CPU time (on all processors): 00:00:03


