EDA Netlist Writer report for Bubble_Sort_Alternative
Sun Apr 28 01:01:09 2019
Quartus II 64-Bit Version 11.0 Build 208 07/03/2011 Service Pack 1 SJ Full Version


---------------------
; Table of Contents ;
---------------------
  1. Legal Notice
  2. EDA Netlist Writer Summary
  3. Simulation Settings
  4. Simulation Generated Files
  5. EDA Netlist Writer Messages



----------------
; Legal Notice ;
----------------
Copyright (C) 1991-2011 Altera Corporation
Your use of Altera Corporation's design tools, logic functions 
and other software and tools, and its AMPP partner logic 
functions, and any output files from any of the foregoing 
(including device programming or simulation files), and any 
associated documentation or information are expressly subject 
to the terms and conditions of the Altera Program License 
Subscription Agreement, Altera MegaCore Function License 
Agreement, or other applicable license agreement, including, 
without limitation, that your use is for the sole purpose of 
programming logic devices manufactured by Altera and sold by 
Altera or its authorized distributors.  Please refer to the 
applicable agreement for further details.



+-------------------------------------------------------------------+
; EDA Netlist Writer Summary                                        ;
+---------------------------+---------------------------------------+
; EDA Netlist Writer Status ; Successful - Sun Apr 28 01:01:09 2019 ;
; Revision Name             ; Bubble_Sort_Alternative               ;
; Top-level Entity Name     ; Bubble_Sort_Alternative               ;
; Family                    ; Cyclone IV E                          ;
; Simulation Files Creation ; Successful                            ;
+---------------------------+---------------------------------------+


+------------------------------------------------------------------------------------------------------------------------+
; Simulation Settings                                                                                                    ;
+---------------------------------------------------------------------------------------------------+--------------------+
; Option                                                                                            ; Setting            ;
+---------------------------------------------------------------------------------------------------+--------------------+
; Tool Name                                                                                         ; ModelSim (Verilog) ;
; Generate netlist for functional simulation only                                                   ; Off                ;
; Time scale                                                                                        ; 1 ps               ;
; Truncate long hierarchy paths                                                                     ; Off                ;
; Map illegal HDL characters                                                                        ; Off                ;
; Flatten buses into individual nodes                                                               ; Off                ;
; Maintain hierarchy                                                                                ; Off                ;
; Bring out device-wide set/reset signals as ports                                                  ; Off                ;
; Enable glitch filtering                                                                           ; Off                ;
; Do not write top level VHDL entity                                                                ; Off                ;
; Disable detection of setup and hold time violations in the input registers of bi-directional pins ; Off                ;
; Architecture name in VHDL output netlist                                                          ; structure          ;
; Generate third-party EDA tool command script for RTL functional simulation                        ; Off                ;
; Generate third-party EDA tool command script for gate-level simulation                            ; Off                ;
+---------------------------------------------------------------------------------------------------+--------------------+


+------------------------------------------------------------------------------------------------+
; Simulation Generated Files                                                                     ;
+------------------------------------------------------------------------------------------------+
; Generated Files                                                                                ;
+------------------------------------------------------------------------------------------------+
; C:/Users/LCG/Desktop/FPGA/simulation/modelsim/Bubble_Sort_Alternative_8_1200mv_85c_slow.vo     ;
; C:/Users/LCG/Desktop/FPGA/simulation/modelsim/Bubble_Sort_Alternative_8_1200mv_0c_slow.vo      ;
; C:/Users/LCG/Desktop/FPGA/simulation/modelsim/Bubble_Sort_Alternative_min_1200mv_0c_fast.vo    ;
; C:/Users/LCG/Desktop/FPGA/simulation/modelsim/Bubble_Sort_Alternative.vo                       ;
; C:/Users/LCG/Desktop/FPGA/simulation/modelsim/Bubble_Sort_Alternative_8_1200mv_85c_v_slow.sdo  ;
; C:/Users/LCG/Desktop/FPGA/simulation/modelsim/Bubble_Sort_Alternative_8_1200mv_0c_v_slow.sdo   ;
; C:/Users/LCG/Desktop/FPGA/simulation/modelsim/Bubble_Sort_Alternative_min_1200mv_0c_v_fast.sdo ;
; C:/Users/LCG/Desktop/FPGA/simulation/modelsim/Bubble_Sort_Alternative_v.sdo                    ;
+------------------------------------------------------------------------------------------------+


+-----------------------------+
; EDA Netlist Writer Messages ;
+-----------------------------+
Info: *******************************************************************
Info: Running Quartus II 64-Bit EDA Netlist Writer
    Info: Version 11.0 Build 208 07/03/2011 Service Pack 1 SJ Full Version
    Info: Processing started: Sun Apr 28 01:01:07 2019
Info: Command: quartus_eda --read_settings_files=off --write_settings_files=off Bubble_Sort_Alternative -c Bubble_Sort_Alternative
Info: Generated simulation netlist will be non-hierarchical because the design has SignalTap II partitions, termination control logic and/or a design partition that contains bidirectional ports
Info: Generated file Bubble_Sort_Alternative_8_1200mv_85c_slow.vo in folder "C:/Users/LCG/Desktop/FPGA/simulation/modelsim/" for EDA simulation tool
Info: Generated file Bubble_Sort_Alternative_8_1200mv_0c_slow.vo in folder "C:/Users/LCG/Desktop/FPGA/simulation/modelsim/" for EDA simulation tool
Info: Generated file Bubble_Sort_Alternative_min_1200mv_0c_fast.vo in folder "C:/Users/LCG/Desktop/FPGA/simulation/modelsim/" for EDA simulation tool
Info: Generated file Bubble_Sort_Alternative.vo in folder "C:/Users/LCG/Desktop/FPGA/simulation/modelsim/" for EDA simulation tool
Info: Generated file Bubble_Sort_Alternative_8_1200mv_85c_v_slow.sdo in folder "C:/Users/LCG/Desktop/FPGA/simulation/modelsim/" for EDA simulation tool
Info: Generated file Bubble_Sort_Alternative_8_1200mv_0c_v_slow.sdo in folder "C:/Users/LCG/Desktop/FPGA/simulation/modelsim/" for EDA simulation tool
Info: Generated file Bubble_Sort_Alternative_min_1200mv_0c_v_fast.sdo in folder "C:/Users/LCG/Desktop/FPGA/simulation/modelsim/" for EDA simulation tool
Info: Generated file Bubble_Sort_Alternative_v.sdo in folder "C:/Users/LCG/Desktop/FPGA/simulation/modelsim/" for EDA simulation tool
Info: Quartus II 64-Bit EDA Netlist Writer was successful. 0 errors, 0 warnings
    Info: Peak virtual memory: 368 megabytes
    Info: Processing ended: Sun Apr 28 01:01:09 2019
    Info: Elapsed time: 00:00:02
    Info: Total CPU time (on all processors): 00:00:02


